2013-08-22 22:20:30,260 [main] ERROR StackTrace  - Full Stack Trace:
Assertion failed: 

title == "Car List"
|     |
|     false
Apache Tomcat/7.0.30 - Error report

	at pages.CarListPage._clinit__closure2(CarListPage.groovy:15)
	at pages.CarListPage._clinit__closure2(CarListPage.groovy)
	at geb.Page.verifyAt(Page.groovy:133)
	at geb.Browser.doAt(Browser.groovy:368)
	at geb.Browser.at(Browser.groovy:285)
	at geb.spock.GebSpec.methodMissing(GebSpec.groovy:51)
	at specs.CarFunctionalSpec.Test list page(CarFunctionalSpec.groovy:22)
2013-08-22 22:20:30,269 [main] ERROR StackTrace  - Full Stack Trace:
Assertion failed: 

title == "Car List"
|     |
|     false
Apache Tomcat/7.0.30 - Error report

	at pages.CarListPage._clinit__closure2(CarListPage.groovy:15)
	at geb.Page.verifyAt(Page.groovy:133)
	at geb.Browser.doAt(Browser.groovy:368)
	at geb.Browser.at(Browser.groovy:285)
	at geb.spock.GebSpec.methodMissing(GebSpec.groovy:51)
	at specs.CarFunctionalSpec.Test list page(CarFunctionalSpec.groovy:22)
2013-08-22 22:20:30,327 [main] ERROR StackTrace  - Full Stack Trace:
junit.framework.AssertionFailedError: Assertion failed: 

title == "Car List"
|     |
|     false
Apache Tomcat/7.0.30 - Error report

	at pages.CarListPage._clinit__closure2(CarListPage.groovy:15)
	at geb.Page.verifyAt(Page.groovy:133)
	at geb.Browser.doAt(Browser.groovy:368)
	at geb.Browser.at(Browser.groovy:285)
	at geb.spock.GebSpec.methodMissing(GebSpec.groovy:51)
	at specs.CarFunctionalSpec.Test list page(CarFunctionalSpec.groovy:22)
2013-08-22 22:20:30,328 [main] ERROR StackTrace  - Full Stack Trace:
junit.framework.AssertionFailedError: Assertion failed: 

title == "Car List"
|     |
|     false
Apache Tomcat/7.0.30 - Error report

	at pages.CarListPage._clinit__closure2(CarListPage.groovy:15)
	at geb.Page.verifyAt(Page.groovy:133)
	at geb.Browser.doAt(Browser.groovy:368)
	at geb.Browser.at(Browser.groovy:285)
	at geb.spock.GebSpec.methodMissing(GebSpec.groovy:51)
	at specs.CarFunctionalSpec.Test list page(CarFunctionalSpec.groovy:22)
2013-08-22 22:20:30,364 [main] ERROR StackTrace  - Full Stack Trace:
junit.framework.AssertionFailedError: Assertion failed: 

title == "Car List"
|     |
|     false
Apache Tomcat/7.0.30 - Error report

	at pages.CarListPage._clinit__closure2(CarListPage.groovy:15)
	at geb.Page.verifyAt(Page.groovy:133)
	at geb.Browser.doAt(Browser.groovy:368)
	at geb.Browser.at(Browser.groovy:285)
	at geb.spock.GebSpec.methodMissing(GebSpec.groovy:51)
	at specs.CarFunctionalSpec.Test list page(CarFunctionalSpec.groovy:22)
2013-08-22 22:20:30,365 [main] ERROR StackTrace  - Full Stack Trace:
junit.framework.AssertionFailedError: Assertion failed: 

title == "Car List"
|     |
|     false
Apache Tomcat/7.0.30 - Error report

	at pages.CarListPage._clinit__closure2(CarListPage.groovy:15)
	at geb.Page.verifyAt(Page.groovy:133)
	at geb.Browser.doAt(Browser.groovy:368)
	at geb.Browser.at(Browser.groovy:285)
	at geb.spock.GebSpec.methodMissing(GebSpec.groovy:51)
	at specs.CarFunctionalSpec.Test list page(CarFunctionalSpec.groovy:22)
2013-08-22 22:23:29,656 [main] ERROR StackTrace  - Full Stack Trace:
Assertion failed: 

title == "Car List"
|     |
|     false
Apache Tomcat/7.0.30 - Error report

	at pages.CarListPage._clinit__closure2(CarListPage.groovy:15)
	at pages.CarListPage._clinit__closure2(CarListPage.groovy)
	at geb.Page.verifyAt(Page.groovy:133)
	at geb.Browser.doAt(Browser.groovy:368)
	at geb.Browser.at(Browser.groovy:285)
	at geb.spock.GebSpec.methodMissing(GebSpec.groovy:51)
	at specs.CarFunctionalSpec.Test list page(CarFunctionalSpec.groovy:22)
2013-08-22 22:23:29,666 [main] ERROR StackTrace  - Full Stack Trace:
Assertion failed: 

title == "Car List"
|     |
|     false
Apache Tomcat/7.0.30 - Error report

	at pages.CarListPage._clinit__closure2(CarListPage.groovy:15)
	at geb.Page.verifyAt(Page.groovy:133)
	at geb.Browser.doAt(Browser.groovy:368)
	at geb.Browser.at(Browser.groovy:285)
	at geb.spock.GebSpec.methodMissing(GebSpec.groovy:51)
	at specs.CarFunctionalSpec.Test list page(CarFunctionalSpec.groovy:22)
2013-08-22 22:23:29,726 [main] ERROR StackTrace  - Full Stack Trace:
junit.framework.AssertionFailedError: Assertion failed: 

title == "Car List"
|     |
|     false
Apache Tomcat/7.0.30 - Error report

	at pages.CarListPage._clinit__closure2(CarListPage.groovy:15)
	at geb.Page.verifyAt(Page.groovy:133)
	at geb.Browser.doAt(Browser.groovy:368)
	at geb.Browser.at(Browser.groovy:285)
	at geb.spock.GebSpec.methodMissing(GebSpec.groovy:51)
	at specs.CarFunctionalSpec.Test list page(CarFunctionalSpec.groovy:22)
2013-08-22 22:23:29,727 [main] ERROR StackTrace  - Full Stack Trace:
junit.framework.AssertionFailedError: Assertion failed: 

title == "Car List"
|     |
|     false
Apache Tomcat/7.0.30 - Error report

	at pages.CarListPage._clinit__closure2(CarListPage.groovy:15)
	at geb.Page.verifyAt(Page.groovy:133)
	at geb.Browser.doAt(Browser.groovy:368)
	at geb.Browser.at(Browser.groovy:285)
	at geb.spock.GebSpec.methodMissing(GebSpec.groovy:51)
	at specs.CarFunctionalSpec.Test list page(CarFunctionalSpec.groovy:22)
2013-08-22 22:23:29,760 [main] ERROR StackTrace  - Full Stack Trace:
junit.framework.AssertionFailedError: Assertion failed: 

title == "Car List"
|     |
|     false
Apache Tomcat/7.0.30 - Error report

	at pages.CarListPage._clinit__closure2(CarListPage.groovy:15)
	at geb.Page.verifyAt(Page.groovy:133)
	at geb.Browser.doAt(Browser.groovy:368)
	at geb.Browser.at(Browser.groovy:285)
	at geb.spock.GebSpec.methodMissing(GebSpec.groovy:51)
	at specs.CarFunctionalSpec.Test list page(CarFunctionalSpec.groovy:22)
2013-08-22 22:23:29,760 [main] ERROR StackTrace  - Full Stack Trace:
junit.framework.AssertionFailedError: Assertion failed: 

title == "Car List"
|     |
|     false
Apache Tomcat/7.0.30 - Error report

	at pages.CarListPage._clinit__closure2(CarListPage.groovy:15)
	at geb.Page.verifyAt(Page.groovy:133)
	at geb.Browser.doAt(Browser.groovy:368)
	at geb.Browser.at(Browser.groovy:285)
	at geb.spock.GebSpec.methodMissing(GebSpec.groovy:51)
	at specs.CarFunctionalSpec.Test list page(CarFunctionalSpec.groovy:22)
2013-08-22 22:30:12,496 [main] ERROR StackTrace  - Full Stack Trace:
Assertion failed: 

title == "Car List"
|     |
|     false
Apache Tomcat/7.0.30 - Error report

	at pages.CarListPage._clinit__closure2(CarListPage.groovy:15)
	at pages.CarListPage._clinit__closure2(CarListPage.groovy)
	at geb.Page.verifyAt(Page.groovy:133)
	at geb.Browser.doAt(Browser.groovy:368)
	at geb.Browser.at(Browser.groovy:285)
	at geb.spock.GebSpec.methodMissing(GebSpec.groovy:51)
	at specs.CarFunctionalSpec.Test list page(CarFunctionalSpec.groovy:22)
2013-08-22 22:30:12,505 [main] ERROR StackTrace  - Full Stack Trace:
Assertion failed: 

title == "Car List"
|     |
|     false
Apache Tomcat/7.0.30 - Error report

	at pages.CarListPage._clinit__closure2(CarListPage.groovy:15)
	at geb.Page.verifyAt(Page.groovy:133)
	at geb.Browser.doAt(Browser.groovy:368)
	at geb.Browser.at(Browser.groovy:285)
	at geb.spock.GebSpec.methodMissing(GebSpec.groovy:51)
	at specs.CarFunctionalSpec.Test list page(CarFunctionalSpec.groovy:22)
2013-08-22 22:30:12,563 [main] ERROR StackTrace  - Full Stack Trace:
junit.framework.AssertionFailedError: Assertion failed: 

title == "Car List"
|     |
|     false
Apache Tomcat/7.0.30 - Error report

	at pages.CarListPage._clinit__closure2(CarListPage.groovy:15)
	at geb.Page.verifyAt(Page.groovy:133)
	at geb.Browser.doAt(Browser.groovy:368)
	at geb.Browser.at(Browser.groovy:285)
	at geb.spock.GebSpec.methodMissing(GebSpec.groovy:51)
	at specs.CarFunctionalSpec.Test list page(CarFunctionalSpec.groovy:22)
2013-08-22 22:30:12,564 [main] ERROR StackTrace  - Full Stack Trace:
junit.framework.AssertionFailedError: Assertion failed: 

title == "Car List"
|     |
|     false
Apache Tomcat/7.0.30 - Error report

	at pages.CarListPage._clinit__closure2(CarListPage.groovy:15)
	at geb.Page.verifyAt(Page.groovy:133)
	at geb.Browser.doAt(Browser.groovy:368)
	at geb.Browser.at(Browser.groovy:285)
	at geb.spock.GebSpec.methodMissing(GebSpec.groovy:51)
	at specs.CarFunctionalSpec.Test list page(CarFunctionalSpec.groovy:22)
2013-08-22 22:30:12,595 [main] ERROR StackTrace  - Full Stack Trace:
junit.framework.AssertionFailedError: Assertion failed: 

title == "Car List"
|     |
|     false
Apache Tomcat/7.0.30 - Error report

	at pages.CarListPage._clinit__closure2(CarListPage.groovy:15)
	at geb.Page.verifyAt(Page.groovy:133)
	at geb.Browser.doAt(Browser.groovy:368)
	at geb.Browser.at(Browser.groovy:285)
	at geb.spock.GebSpec.methodMissing(GebSpec.groovy:51)
	at specs.CarFunctionalSpec.Test list page(CarFunctionalSpec.groovy:22)
2013-08-22 22:30:12,596 [main] ERROR StackTrace  - Full Stack Trace:
junit.framework.AssertionFailedError: Assertion failed: 

title == "Car List"
|     |
|     false
Apache Tomcat/7.0.30 - Error report

	at pages.CarListPage._clinit__closure2(CarListPage.groovy:15)
	at geb.Page.verifyAt(Page.groovy:133)
	at geb.Browser.doAt(Browser.groovy:368)
	at geb.Browser.at(Browser.groovy:285)
	at geb.spock.GebSpec.methodMissing(GebSpec.groovy:51)
	at specs.CarFunctionalSpec.Test list page(CarFunctionalSpec.groovy:22)
2013-08-22 22:33:22,501 [main] ERROR StackTrace  - Full Stack Trace:
Assertion failed: 

title == "Car List"
|     |
|     false
Apache Tomcat/7.0.30 - Error report

	at pages.CarListPage._clinit__closure2(CarListPage.groovy:15)
	at pages.CarListPage._clinit__closure2(CarListPage.groovy)
	at geb.Page.verifyAt(Page.groovy:133)
	at geb.Browser.doAt(Browser.groovy:368)
	at geb.Browser.at(Browser.groovy:285)
	at geb.spock.GebSpec.methodMissing(GebSpec.groovy:51)
	at specs.CarFunctionalSpec.Test list page(CarFunctionalSpec.groovy:22)
2013-08-22 22:33:22,511 [main] ERROR StackTrace  - Full Stack Trace:
Assertion failed: 

title == "Car List"
|     |
|     false
Apache Tomcat/7.0.30 - Error report

	at pages.CarListPage._clinit__closure2(CarListPage.groovy:15)
	at geb.Page.verifyAt(Page.groovy:133)
	at geb.Browser.doAt(Browser.groovy:368)
	at geb.Browser.at(Browser.groovy:285)
	at geb.spock.GebSpec.methodMissing(GebSpec.groovy:51)
	at specs.CarFunctionalSpec.Test list page(CarFunctionalSpec.groovy:22)
2013-08-22 22:33:22,570 [main] ERROR StackTrace  - Full Stack Trace:
junit.framework.AssertionFailedError: Assertion failed: 

title == "Car List"
|     |
|     false
Apache Tomcat/7.0.30 - Error report

	at pages.CarListPage._clinit__closure2(CarListPage.groovy:15)
	at geb.Page.verifyAt(Page.groovy:133)
	at geb.Browser.doAt(Browser.groovy:368)
	at geb.Browser.at(Browser.groovy:285)
	at geb.spock.GebSpec.methodMissing(GebSpec.groovy:51)
	at specs.CarFunctionalSpec.Test list page(CarFunctionalSpec.groovy:22)
2013-08-22 22:33:22,570 [main] ERROR StackTrace  - Full Stack Trace:
junit.framework.AssertionFailedError: Assertion failed: 

title == "Car List"
|     |
|     false
Apache Tomcat/7.0.30 - Error report

	at pages.CarListPage._clinit__closure2(CarListPage.groovy:15)
	at geb.Page.verifyAt(Page.groovy:133)
	at geb.Browser.doAt(Browser.groovy:368)
	at geb.Browser.at(Browser.groovy:285)
	at geb.spock.GebSpec.methodMissing(GebSpec.groovy:51)
	at specs.CarFunctionalSpec.Test list page(CarFunctionalSpec.groovy:22)
2013-08-22 22:33:22,603 [main] ERROR StackTrace  - Full Stack Trace:
junit.framework.AssertionFailedError: Assertion failed: 

title == "Car List"
|     |
|     false
Apache Tomcat/7.0.30 - Error report

	at pages.CarListPage._clinit__closure2(CarListPage.groovy:15)
	at geb.Page.verifyAt(Page.groovy:133)
	at geb.Browser.doAt(Browser.groovy:368)
	at geb.Browser.at(Browser.groovy:285)
	at geb.spock.GebSpec.methodMissing(GebSpec.groovy:51)
	at specs.CarFunctionalSpec.Test list page(CarFunctionalSpec.groovy:22)
2013-08-22 22:33:22,604 [main] ERROR StackTrace  - Full Stack Trace:
junit.framework.AssertionFailedError: Assertion failed: 

title == "Car List"
|     |
|     false
Apache Tomcat/7.0.30 - Error report

	at pages.CarListPage._clinit__closure2(CarListPage.groovy:15)
	at geb.Page.verifyAt(Page.groovy:133)
	at geb.Browser.doAt(Browser.groovy:368)
	at geb.Browser.at(Browser.groovy:285)
	at geb.spock.GebSpec.methodMissing(GebSpec.groovy:51)
	at specs.CarFunctionalSpec.Test list page(CarFunctionalSpec.groovy:22)
